[debug] > Exec(early(addDefaultCommands), None, None)
[debug] > Exec(addDefaultCommands, None, None)
[debug] > Exec(early(initialize), None, None)
[debug] > Exec(initialize, None, None)
[debug] > Exec(early(addPluginSbtFile="""C:\Users\Pc\AppData\Local\Temp\idea10.sbt"""), None, None)
[debug] > Exec(addPluginSbtFile="""C:\Users\Pc\AppData\Local\Temp\idea10.sbt""", None, None)
[debug] > Exec(boot, None, None)
[debug] > Exec(writeSbtVersion, None, None)
[debug] > Exec(reload, None, None)
[debug] > Exec(sbtStashOnFailure, None, None)
[debug] > Exec(onFailure loadFailed, None, None)
[debug] > Exec(loadp, None, None)
[info] welcome to sbt 1.9.7 (Oracle Corporation Java 19.0.1)
[debug]       Load.loadUnit: plugins took 370.3201ms
[debug]       Load.loadUnit: defsScala took 2.5189ms
[debug] [Loading] Scanning directory C:\Users\Pc\.sbt\1.0\plugins
[debug] [Loading] Found non-root projects 
[debug] [Loading] Done in C:\Users\Pc\.sbt\1.0\plugins, returning: ()
[debug] deducing auto plugins based on known facts Set(Atom(sbt.plugins.CorePlugin)) and clauses Clauses(Clause(Atom(sbt.plugins.JvmPlugin),Set(Atom(sbt.plugins.IvyPlugin)))
[debug] Clause(Atom(sbt.ScriptedPlugin),Set(Atom(sbt.plugins.JvmPlugin)))
[debug] Clause(Atom(sbt.plugins.SbtPlugin),Set(Atom(sbt.ScriptedPlugin)))
[debug] Clause(Atom(sbt.plugins.SemanticdbPlugin),Set(Atom(sbt.plugins.JvmPlugin)))
[debug] Clause(Atom(sbt.plugins.JUnitXmlReportPlugin),Set(Atom(sbt.plugins.JvmPlugin)))
[debug] Clause(Atom(sbt.plugins.MiniDependencyTreePlugin),Set(Atom(sbt.plugins.JvmPlugin)))
[debug] Clause(Atom(sbt.plugins.CorePlugin),Set(Atom(sbt.plugins.IvyPlugin)))
[debug] Clause(Atom(sbt.plugins.IvyPlugin),Set(Atom(sbt.plugins.JvmPlugin)))
[debug] Clause(Atom(sbt.plugins.JvmPlugin),Set(Atom(sbt.plugins.SemanticdbPlugin)))
[debug] Clause(Atom(sbt.plugins.JvmPlugin),Set(Atom(sbt.plugins.JUnitXmlReportPlugin)))
[debug] Clause(Atom(sbt.plugins.CorePlugin),Set(Atom(sbt.plugins.Giter8TemplatePlugin)))
[debug] Clause(Atom(sbt.plugins.JvmPlugin),Set(Atom(sbt.plugins.MiniDependencyTreePlugin))))
[debug]   :: deduced result: Matched(sbt.plugins.CorePlugin,sbt.plugins.Giter8TemplatePlugin,sbt.plugins.IvyPlugin,sbt.plugins.JvmPlugin,sbt.plugins.MiniDependencyTreePlugin,sbt.plugins.JUnitXmlReportPlugin,sbt.plugins.SemanticdbPlugin)
[debug] Plugins.deducer#function took 46.4972 ms
[debug]           Load.resolveProject(global-plugins) took 226.946ms
[debug]         Load.loadTransitive: finalizeProject(Project(id global-plugins, base: C:\Users\Pc\.sbt\1.0\plugins, plugins: List(<none>))) took 335.3307ms
[debug] [Loading] Done in C:\Users\Pc\.sbt\1.0\plugins, returning: (global-plugins)
[debug]       Load.loadUnit: loadedProjectsRaw took 408.0675ms
[debug]       Load.loadUnit: cleanEvalClasses took 0.6823ms
[debug]     Load.loadUnit(file:/C:/Users/Pc/.sbt/1.0/plugins/, ...) took 823.605ms
[debug]   Load.apply: load took 1565.1531ms
[debug]   Load.apply: resolveProjects took 22.6109ms
[debug]   Load.apply: finalTransforms took 182.949ms
[debug]   Load.apply: config.delegates took 27.0417ms
[debug]   Load.apply: Def.make(settings)... took 1498.8923ms
[debug]   Load.apply: structureIndex took 263.9329ms
[debug]   Load.apply: mkStreams took 10.9698ms
[info] loading global plugins from C:\Users\Pc\.sbt\1.0\plugins
[debug] Running task... Cancel: Signal, check cycles: false, forcegc: true
[debug] Load.defaultLoad until apply took 7528.2621ms
[debug]           Load.loadUnit: plugins took 95.2477ms
[debug]           Load.loadUnit: defsScala took 0.0089ms
[debug] [Loading] Scanning directory C:\Users\Pc\IdeaProjects\vote\project
[debug]             Load.loadUnit: mkEval took 13.5281ms
[debug] [Loading] Found non-root projects 
[debug] [Loading] Done in C:\Users\Pc\IdeaProjects\vote\project, returning: ()
[debug] deducing auto plugins based on known facts Set(Atom(sbt.plugins.CorePlugin)) and clauses Clauses(Clause(Atom(sbt.plugins.JvmPlugin),Set(Atom(sbt.plugins.IvyPlugin)))
[debug] Clause(Atom(sbt.ScriptedPlugin),Set(Atom(sbt.plugins.JvmPlugin)))
[debug] Clause(Atom(sbt.plugins.SbtPlugin),Set(Atom(sbt.ScriptedPlugin)))
[debug] Clause(Atom(sbt.plugins.SemanticdbPlugin),Set(Atom(sbt.plugins.JvmPlugin)))
[debug] Clause(Atom(sbt.plugins.JUnitXmlReportPlugin),Set(Atom(sbt.plugins.JvmPlugin)))
[debug] Clause(Atom(sbt.plugins.MiniDependencyTreePlugin),Set(Atom(sbt.plugins.JvmPlugin)))
[debug] Clause(Atom(sbt.plugins.CorePlugin),Set(Atom(sbt.plugins.IvyPlugin)))
[debug] Clause(Atom(sbt.plugins.IvyPlugin),Set(Atom(sbt.plugins.JvmPlugin)))
[debug] Clause(Atom(sbt.plugins.JvmPlugin),Set(Atom(sbt.plugins.SemanticdbPlugin)))
[debug] Clause(Atom(sbt.plugins.JvmPlugin),Set(Atom(sbt.plugins.JUnitXmlReportPlugin)))
[debug] Clause(Atom(sbt.plugins.CorePlugin),Set(Atom(sbt.plugins.Giter8TemplatePlugin)))
[debug] Clause(Atom(sbt.plugins.JvmPlugin),Set(Atom(sbt.plugins.MiniDependencyTreePlugin))))
[debug]   :: deduced result: Matched(sbt.plugins.CorePlugin,sbt.plugins.Giter8TemplatePlugin,sbt.plugins.IvyPlugin,sbt.plugins.JvmPlugin,sbt.plugins.MiniDependencyTreePlugin,sbt.plugins.JUnitXmlReportPlugin,sbt.plugins.SemanticdbPlugin)
[debug] Plugins.deducer#function took 4.9071 ms
[info] loading settings for project vote-build from idea10.sbt ...
[debug]               Load.resolveProject(vote-build) took 12.5424ms
[debug]             Load.loadTransitive: finalizeProject(Project(id vote-build, base: C:\Users\Pc\IdeaProjects\vote\project, plugins: List(<none>))) took 18.5588ms
[debug] [Loading] Done in C:\Users\Pc\IdeaProjects\vote\project, returning: (vote-build)
[debug]           Load.loadUnit: loadedProjectsRaw took 305.3061ms
[debug]           Load.loadUnit: cleanEvalClasses took 13.8267ms
[debug]         Load.loadUnit(file:/C:/Users/Pc/IdeaProjects/vote/project/, ...) took 416.8002ms
[debug]       Load.apply: load took 420.6237ms
[debug]       Load.apply: resolveProjects took 0.2455ms
[debug]       Load.apply: finalTransforms took 25.2032ms
[debug]       Load.apply: config.delegates took 1.1522ms
[debug]       Load.apply: Def.make(settings)... took 181.0678ms
[debug]       Load.apply: structureIndex took 123.7733ms
[debug]       Load.apply: mkStreams took 0.0046ms
[info] loading project definition from C:\Users\Pc\IdeaProjects\vote\project
[debug] Running task... Cancel: Signal, check cycles: false, forcegc: true
[debug]     Load.loadUnit: plugins took 1544.0893ms
[debug]     Load.loadUnit: defsScala took 0.0059ms
[debug] [Loading] Scanning directory C:\Users\Pc\IdeaProjects\vote
[debug]       Load.loadUnit: mkEval took 0.672ms
[debug] [Loading] Found root project root w/ remaining 
[debug] deducing auto plugins based on known facts Set(Atom(sbt.plugins.CorePlugin)) and clauses Clauses(Clause(Atom(sbt.plugins.JvmPlugin),Set(Atom(sbt.plugins.IvyPlugin)))
[debug] Clause(Atom(sbt.ScriptedPlugin),Set(Atom(sbt.plugins.JvmPlugin)))
[debug] Clause(Atom(sbt.plugins.SbtPlugin),Set(Atom(sbt.ScriptedPlugin)))
[debug] Clause(Atom(sbt.plugins.SemanticdbPlugin),Set(Atom(sbt.plugins.JvmPlugin)))
[debug] Clause(Atom(sbt.plugins.JUnitXmlReportPlugin),Set(Atom(sbt.plugins.JvmPlugin)))
[debug] Clause(Atom(sbt.plugins.MiniDependencyTreePlugin),Set(Atom(sbt.plugins.JvmPlugin)))
[debug] Clause(Atom(org.jetbrains.sbt.StructurePlugin),Set(Atom(sbt.plugins.JvmPlugin)))
[debug] Clause(Atom(org.jetbrains.sbt.IdeaShellPlugin),Set(Atom(sbt.plugins.JvmPlugin)))
[debug] Clause(Atom(org.jetbrains.sbt.indices.SbtIntellijIndicesPlugin),Set(Atom(sbt.plugins.JvmPlugin)))
[debug] Clause(Atom(sbt.plugins.CorePlugin),Set(Atom(sbt.plugins.IvyPlugin)))
[debug] Clause(Atom(sbt.plugins.IvyPlugin),Set(Atom(sbt.plugins.JvmPlugin)))
[debug] Clause(Atom(sbt.plugins.JvmPlugin),Set(Atom(sbt.plugins.SemanticdbPlugin)))
[debug] Clause(Atom(sbt.plugins.JvmPlugin),Set(Atom(sbt.plugins.JUnitXmlReportPlugin)))
[debug] Clause(Atom(sbt.plugins.CorePlugin),Set(Atom(sbt.plugins.Giter8TemplatePlugin)))
[debug] Clause(Atom(sbt.plugins.JvmPlugin),Set(Atom(sbt.plugins.MiniDependencyTreePlugin)))
[debug] Clause(Atom(sbt.plugins.JvmPlugin),Set(Atom(org.jetbrains.sbt.StructurePlugin)))
[debug] Clause(Atom(sbt.plugins.JvmPlugin),Set(Atom(org.jetbrains.sbt.IdeaShellPlugin)))
[debug] Clause(And(Set(Atom(sbt.plugins.CorePlugin), Atom(sbt.plugins.JvmPlugin))),Set(Atom(org.jetbrains.sbt.indices.SbtIntellijIndicesPlugin))))
[debug]   :: deduced result: Matched(sbt.plugins.CorePlugin,sbt.plugins.Giter8TemplatePlugin,sbt.plugins.IvyPlugin,sbt.plugins.JvmPlugin,sbt.plugins.SemanticdbPlugin,org.jetbrains.sbt.indices.SbtIntellijIndicesPlugin,sbt.plugins.JUnitXmlReportPlugin,org.jetbrains.sbt.IdeaShellPlugin,org.jetbrains.sbt.StructurePlugin,sbt.plugins.MiniDependencyTreePlugin)
[debug] Plugins.deducer#function took 5.2232 ms
[info] loading settings for project root from build.sbt ...
[debug]         Load.resolveProject(root) took 61.2625ms
[debug]       Load.loadTransitive: finalizeProject(Project(id root, base: C:\Users\Pc\IdeaProjects\vote, plugins: List(<none>))) took 69.0782ms
[debug] [Loading] Done in C:\Users\Pc\IdeaProjects\vote, returning: (root)
[debug]     Load.loadUnit: loadedProjectsRaw took 272.1584ms
[debug]     Load.loadUnit: cleanEvalClasses took 15.1427ms
[debug]   Load.loadUnit(file:/C:/Users/Pc/IdeaProjects/vote/, ...) took 1833.1688ms
[debug] Load.apply: load took 1836.6365ms
[debug] Load.apply: resolveProjects took 0.4278ms
[debug] Load.apply: finalTransforms took 54.9337ms
[debug] Load.apply: config.delegates took 0.7065ms
[debug] Load.apply: Def.make(settings)... took 160.6211ms
[debug] Load.apply: structureIndex took 63.3892ms
[debug] Load.apply: mkStreams took 0.0041ms
[info] set current project to vote (in build file:/C:/Users/Pc/IdeaProjects/vote/)
[warn] there's a key that's not used by any other settings/tasks:
[warn]  
[warn] * ThisBuild / version
[warn]   +- C:\Users\Pc\IdeaProjects\vote\build.sbt:1
[warn]  
[warn] note: a setting might still be used by a command; to exclude a key from this `lintUnused` check
[warn] either append it to `Global / excludeLintKeys` or call .withRank(KeyRanks.Invisible) on the key
[debug] > Exec(sbtPopOnFailure, None, None)
[debug] > Exec(resumeFromFailure, None, None)
[debug] > Exec(notifyUsersAboutShell, None, None)
[debug] > Exec(iflast shell, None, None)
[debug] > Exec(; set ideaPort in Global := 56702 ; idea-shell, None, None)
[debug] > Exec(set ideaPort in Global := 56702, None, None)
[info] Defining Global / ideaPort
[info] The new value will be used by Compile / compile, Test / compile
[debug] Defining 
[debug] 	Global / ideaPort
[debug] 
[debug] The new value will be used by 
[debug] 	Compile / compile
[debug] 	Test / compile
[info] Reapplying settings...
[info] set current project to vote (in build file:/C:/Users/Pc/IdeaProjects/vote/)
[debug] > Exec(idea-shell, None, None)
