[debug] > Exec(early(addDefaultCommands), None, None)
[debug] > Exec(addDefaultCommands, None, None)
[debug] > Exec(early(initialize), None, None)
[debug] > Exec(initialize, None, None)
[debug] > Exec(boot, None, None)
[debug] > Exec(writeSbtVersion, None, None)
[debug] > Exec(reload, None, None)
[debug] > Exec(sbtStashOnFailure, None, None)
[debug] > Exec(onFailure loadFailed, None, None)
[debug] > Exec(loadp, None, None)
[info] welcome to sbt 1.9.7 (Oracle Corporation Java 19.0.1)
[debug]       Load.loadUnit: plugins took 176.9213ms
[debug]       Load.loadUnit: defsScala took 0.5694ms
[debug] [Loading] Scanning directory C:\Users\Pc\.sbt\1.0\plugins
[debug] [Loading] Found non-root projects 
[debug] [Loading] Done in C:\Users\Pc\.sbt\1.0\plugins, returning: ()
[debug] deducing auto plugins based on known facts Set(Atom(sbt.plugins.CorePlugin)) and clauses Clauses(Clause(Atom(sbt.plugins.JvmPlugin),Set(Atom(sbt.plugins.IvyPlugin)))
[debug] Clause(Atom(sbt.ScriptedPlugin),Set(Atom(sbt.plugins.JvmPlugin)))
[debug] Clause(Atom(sbt.plugins.SbtPlugin),Set(Atom(sbt.ScriptedPlugin)))
[debug] Clause(Atom(sbt.plugins.SemanticdbPlugin),Set(Atom(sbt.plugins.JvmPlugin)))
[debug] Clause(Atom(sbt.plugins.JUnitXmlReportPlugin),Set(Atom(sbt.plugins.JvmPlugin)))
[debug] Clause(Atom(sbt.plugins.MiniDependencyTreePlugin),Set(Atom(sbt.plugins.JvmPlugin)))
[debug] Clause(Atom(sbt.plugins.CorePlugin),Set(Atom(sbt.plugins.IvyPlugin)))
[debug] Clause(Atom(sbt.plugins.IvyPlugin),Set(Atom(sbt.plugins.JvmPlugin)))
[debug] Clause(Atom(sbt.plugins.JvmPlugin),Set(Atom(sbt.plugins.SemanticdbPlugin)))
[debug] Clause(Atom(sbt.plugins.JvmPlugin),Set(Atom(sbt.plugins.JUnitXmlReportPlugin)))
[debug] Clause(Atom(sbt.plugins.CorePlugin),Set(Atom(sbt.plugins.Giter8TemplatePlugin)))
[debug] Clause(Atom(sbt.plugins.JvmPlugin),Set(Atom(sbt.plugins.MiniDependencyTreePlugin))))
[debug]   :: deduced result: Matched(sbt.plugins.CorePlugin,sbt.plugins.Giter8TemplatePlugin,sbt.plugins.IvyPlugin,sbt.plugins.JvmPlugin,sbt.plugins.MiniDependencyTreePlugin,sbt.plugins.JUnitXmlReportPlugin,sbt.plugins.SemanticdbPlugin)
[debug] Plugins.deducer#function took 34.1264 ms
[debug]           Load.resolveProject(global-plugins) took 85.3577ms
[debug]         Load.loadTransitive: finalizeProject(Project(id global-plugins, base: C:\Users\Pc\.sbt\1.0\plugins, plugins: List(<none>))) took 169.6049ms
[debug] [Loading] Done in C:\Users\Pc\.sbt\1.0\plugins, returning: (global-plugins)
[debug]       Load.loadUnit: loadedProjectsRaw took 223.646ms
[debug]       Load.loadUnit: cleanEvalClasses took 0.6729ms
[debug]     Load.loadUnit(file:/C:/Users/Pc/.sbt/1.0/plugins/, ...) took 419.7348ms
[debug]   Load.apply: load took 805.6637ms
[debug]   Load.apply: resolveProjects took 11.8716ms
[debug]   Load.apply: finalTransforms took 114.6203ms
[debug]   Load.apply: config.delegates took 13.2554ms
[debug]   Load.apply: Def.make(settings)... took 630.088ms
[debug]   Load.apply: structureIndex took 170.6014ms
[debug]   Load.apply: mkStreams took 2.374ms
[info] loading global plugins from C:\Users\Pc\.sbt\1.0\plugins
[debug] Running task... Cancel: Signal, check cycles: false, forcegc: true
[debug] Load.defaultLoad until apply took 3740.1795ms
[debug]           Load.loadUnit: plugins took 56.094ms
[debug]           Load.loadUnit: defsScala took 0.0047ms
[debug] [Loading] Scanning directory C:\Users\Pc\IdeaProjects\vote\project
[debug] [Loading] Found non-root projects 
[debug] [Loading] Done in C:\Users\Pc\IdeaProjects\vote\project, returning: ()
[debug] deducing auto plugins based on known facts Set(Atom(sbt.plugins.CorePlugin)) and clauses Clauses(Clause(Atom(sbt.plugins.JvmPlugin),Set(Atom(sbt.plugins.IvyPlugin)))
[debug] Clause(Atom(sbt.ScriptedPlugin),Set(Atom(sbt.plugins.JvmPlugin)))
[debug] Clause(Atom(sbt.plugins.SbtPlugin),Set(Atom(sbt.ScriptedPlugin)))
[debug] Clause(Atom(sbt.plugins.SemanticdbPlugin),Set(Atom(sbt.plugins.JvmPlugin)))
[debug] Clause(Atom(sbt.plugins.JUnitXmlReportPlugin),Set(Atom(sbt.plugins.JvmPlugin)))
[debug] Clause(Atom(sbt.plugins.MiniDependencyTreePlugin),Set(Atom(sbt.plugins.JvmPlugin)))
[debug] Clause(Atom(sbt.plugins.CorePlugin),Set(Atom(sbt.plugins.IvyPlugin)))
[debug] Clause(Atom(sbt.plugins.IvyPlugin),Set(Atom(sbt.plugins.JvmPlugin)))
[debug] Clause(Atom(sbt.plugins.JvmPlugin),Set(Atom(sbt.plugins.SemanticdbPlugin)))
[debug] Clause(Atom(sbt.plugins.JvmPlugin),Set(Atom(sbt.plugins.JUnitXmlReportPlugin)))
[debug] Clause(Atom(sbt.plugins.CorePlugin),Set(Atom(sbt.plugins.Giter8TemplatePlugin)))
[debug] Clause(Atom(sbt.plugins.JvmPlugin),Set(Atom(sbt.plugins.MiniDependencyTreePlugin))))
[debug]   :: deduced result: Matched(sbt.plugins.CorePlugin,sbt.plugins.Giter8TemplatePlugin,sbt.plugins.IvyPlugin,sbt.plugins.JvmPlugin,sbt.plugins.MiniDependencyTreePlugin,sbt.plugins.JUnitXmlReportPlugin,sbt.plugins.SemanticdbPlugin)
[debug] Plugins.deducer#function took 2.9487 ms
[debug]               Load.resolveProject(vote-build) took 1.7983ms
[debug]             Load.loadTransitive: finalizeProject(Project(id vote-build, base: C:\Users\Pc\IdeaProjects\vote\project, plugins: List(<none>))) took 5.5951ms
[debug] [Loading] Done in C:\Users\Pc\IdeaProjects\vote\project, returning: (vote-build)
[debug]           Load.loadUnit: loadedProjectsRaw took 7.7766ms
[debug]           Load.loadUnit: cleanEvalClasses took 0.0186ms
[debug]         Load.loadUnit(file:/C:/Users/Pc/IdeaProjects/vote/project/, ...) took 64.9568ms
[debug]       Load.apply: load took 67.715ms
[debug]       Load.apply: resolveProjects took 0.1936ms
[debug]       Load.apply: finalTransforms took 13.5062ms
[debug]       Load.apply: config.delegates took 0.5342ms
[debug]       Load.apply: Def.make(settings)... took 125.3634ms
[debug]       Load.apply: structureIndex took 44.2865ms
[debug]       Load.apply: mkStreams took 0.0031ms
[info] loading project definition from C:\Users\Pc\IdeaProjects\vote\project
[debug] Running task... Cancel: Signal, check cycles: false, forcegc: true
[debug]     Load.loadUnit: plugins took 634.7699ms
[debug]     Load.loadUnit: defsScala took 0.0037ms
[debug] [Loading] Scanning directory C:\Users\Pc\IdeaProjects\vote
[debug]       Load.loadUnit: mkEval took 5.7809ms
[debug] [Loading] Found root project root w/ remaining 
[debug] deducing auto plugins based on known facts Set(Atom(sbt.plugins.CorePlugin)) and clauses Clauses(Clause(Atom(sbt.plugins.JvmPlugin),Set(Atom(sbt.plugins.IvyPlugin)))
[debug] Clause(Atom(sbt.ScriptedPlugin),Set(Atom(sbt.plugins.JvmPlugin)))
[debug] Clause(Atom(sbt.plugins.SbtPlugin),Set(Atom(sbt.ScriptedPlugin)))
[debug] Clause(Atom(sbt.plugins.SemanticdbPlugin),Set(Atom(sbt.plugins.JvmPlugin)))
[debug] Clause(Atom(sbt.plugins.JUnitXmlReportPlugin),Set(Atom(sbt.plugins.JvmPlugin)))
[debug] Clause(Atom(sbt.plugins.MiniDependencyTreePlugin),Set(Atom(sbt.plugins.JvmPlugin)))
[debug] Clause(Atom(sbt.plugins.CorePlugin),Set(Atom(sbt.plugins.IvyPlugin)))
[debug] Clause(Atom(sbt.plugins.IvyPlugin),Set(Atom(sbt.plugins.JvmPlugin)))
[debug] Clause(Atom(sbt.plugins.JvmPlugin),Set(Atom(sbt.plugins.SemanticdbPlugin)))
[debug] Clause(Atom(sbt.plugins.JvmPlugin),Set(Atom(sbt.plugins.JUnitXmlReportPlugin)))
[debug] Clause(Atom(sbt.plugins.CorePlugin),Set(Atom(sbt.plugins.Giter8TemplatePlugin)))
[debug] Clause(Atom(sbt.plugins.JvmPlugin),Set(Atom(sbt.plugins.MiniDependencyTreePlugin))))
[debug]   :: deduced result: Matched(sbt.plugins.CorePlugin,sbt.plugins.Giter8TemplatePlugin,sbt.plugins.IvyPlugin,sbt.plugins.JvmPlugin,sbt.plugins.MiniDependencyTreePlugin,sbt.plugins.JUnitXmlReportPlugin,sbt.plugins.SemanticdbPlugin)
[debug] Plugins.deducer#function took 2.9168 ms
[info] loading settings for project root from build.sbt ...
[debug]         Load.resolveProject(root) took 3.7139ms
[debug]       Load.loadTransitive: finalizeProject(Project(id root, base: C:\Users\Pc\IdeaProjects\vote, plugins: List(<none>))) took 8.6696ms
[debug] [Loading] Done in C:\Users\Pc\IdeaProjects\vote, returning: (root)
[debug]     Load.loadUnit: loadedProjectsRaw took 4155.0491ms
[debug]     Load.loadUnit: cleanEvalClasses took 30.8115ms
[debug]   Load.loadUnit(file:/C:/Users/Pc/IdeaProjects/vote/, ...) took 4821.8394ms
[debug] Load.apply: load took 4824.9467ms
[debug] Load.apply: resolveProjects took 0.2446ms
[debug] Load.apply: finalTransforms took 12.4933ms
[debug] Load.apply: config.delegates took 0.5808ms
[debug] Load.apply: Def.make(settings)... took 90.3314ms
[debug] Load.apply: structureIndex took 42.2172ms
[debug] Load.apply: mkStreams took 0.0036ms
[info] set current project to vote (in build file:/C:/Users/Pc/IdeaProjects/vote/)
[debug] > Exec(sbtPopOnFailure, None, None)
[debug] > Exec(resumeFromFailure, None, None)
[debug] > Exec(notifyUsersAboutShell, None, None)
[debug] > Exec(iflast shell, None, None)
[debug] > Exec(shell, None, None)
[info] sbt server started at local:sbt-server-c5278ad5c4ae4df8c3e8
[debug] Writing bsp connection file
[info] started sbt server
